06/22/2025 06:06:09.663 | INFO  | cli-chess | main_model._start_loggers | cli-chess v1.4.3 // python 3.12.0
06/22/2025 06:06:09.663 | INFO  | cli-chess | main_model._start_loggers | System information: system=Linux // release=6.12.11_1 // machine=x86_64
06/22/2025 06:06:09.664 | DEBUG | cli-chess | argparse.parse_args | Parsed arguments: Namespace(token=None, reset_config=False, base_url='https://lichess.org', print_config=False)
06/22/2025 06:06:09.664 | DEBUG | cli-chess | token_manager_model.set_base_url | Base URL set to: https://lichess.org
06/22/2025 06:06:10.481 | INFO  | cli-chess | token_manager_model.validate_token | Successfully authenticated with Lichess
06/22/2025 06:06:10.484 | INFO  | cli-chess | incoming_event_manger.run | Started listening to Lichess incoming events
06/22/2025 06:06:16.043 | DEBUG | cli-chess | menu_presenter.select_handler | Menu selection: OfflineGamesMenuOptions.VS_COMPUTER
06/22/2025 06:06:16.923 | DEBUG | cli-chess | menu_presenter.select_handler | Menu selection: MainMenuOptions.ONLINE_GAMES
06/22/2025 06:06:17.167 | DEBUG | cli-chess | menu_presenter.select_handler | Menu selection: MainMenuOptions.SETTINGS
06/22/2025 06:06:21.541 | DEBUG | cli-chess | menu_presenter.select_handler | Menu selection: MainMenuOptions.ONLINE_GAMES
06/22/2025 06:06:21.974 | DEBUG | cli-chess | menu_presenter.select_handler | Menu selection: MainMenuOptions.OFFLINE_GAMES
06/22/2025 06:06:24.974 | DEBUG | cli-chess | board_model._log_init_info | =============== BOARD INITIALIZATION ===============
06/22/2025 06:06:24.975 | DEBUG | cli-chess | board_model._log_init_info | Variant: chess
06/22/2025 06:06:24.975 | DEBUG | cli-chess | board_model._log_init_info | Starting FEN: rnbqkbnr/pppppppp/8/8/8/8/PPPPPPPP/RNBQKBNR w KQkq - 0 1
06/22/2025 06:06:24.975 | DEBUG | cli-chess | board_model._log_init_info | Orientation: black
06/22/2025 06:06:24.976 | DEBUG | cli-chess | board_model._log_init_info | ====================================================
06/22/2025 06:06:24.978 | DEBUG | cli-chess | game_model_base.__init__ | Created OfflineGameModel (id=140362258387152)
06/22/2025 06:06:24.997 | DEBUG | cli-chess | game_view_base.__init__ | Created OfflineGameView (id=140362259228544)
06/22/2025 06:06:24.998 | DEBUG | cli-chess | game_presenter_base.__init__ | Created OfflineGamePresenter (id=140362258396704)
06/22/2025 06:06:25.309 | DEBUG | cli-chess | ui_common.change_views | View changed to OfflineGameView (id=140362259228544)
06/22/2025 06:06:27.331 | DEBUG | cli-chess | engine_model.get_best_move | Returning <PlayResult at 0x7fa8a3a98b00 (move=e2e3, ponder=e7e6, info={}, draw_offered=False, resigned=False)>
06/22/2025 06:06:27.331 | DEBUG | cli-chess | offline_game_presenter.make_engine_move | Received move (e2e3) from engine.
06/22/2025 06:06:27.331 | DEBUG | cli-chess | board_model.make_move | Made move (e2e3)
06/22/2025 06:17:14.978 | INFO  | cli-chess | offline_game_model._report_game_over | Game over (status=resignation winner=white)
06/22/2025 06:17:14.979 | DEBUG | cli-chess | offline_game_model._report_game_over | Ending fen: rnbqkbnr/pppppppp/8/8/8/4P3/PPPP1PPP/RNBQKBNR b KQkq - 0 1
06/22/2025 06:17:14.979 | DEBUG | cli-chess | offline_game_model._report_game_over | Final move stack: e2e3
06/22/2025 06:17:20.333 | DEBUG | cli-chess | game_presenter_base.exit | Exiting game presenter
06/22/2025 06:17:20.333 | DEBUG | cli-chess | game_model_base.cleanup | Finished cleaning up after BoardModel (id=140362258386000)
06/22/2025 06:17:20.334 | DEBUG | cli-chess | game_model_base.cleanup | Finished cleaning up after MoveListModel (id=140362258398768)
06/22/2025 06:17:20.334 | DEBUG | cli-chess | game_model_base.cleanup | Finished cleaning up after MaterialDifferenceModel (id=140362258395072)
06/22/2025 06:17:20.334 | DEBUG | cli-chess | game_model_base.cleanup | Finished cleaning up after PremoveModel (id=140362258386912)
06/22/2025 06:17:20.335 | DEBUG | cli-chess | ui_common.change_views | View changed to MainView (id=140362285913616)
06/22/2025 06:17:20.338 | DEBUG | cli-chess | engine_model.quit_engine | Quitting engine
06/22/2025 06:19:04.644 | INFO  | cli-chess | main_view._ | Requested application style refresh
06/22/2025 06:19:05.365 | INFO  | cli-chess | main_view._ | Requested application style refresh
06/22/2025 06:19:05.619 | INFO  | cli-chess | main_view._ | Requested application style refresh
06/22/2025 06:19:05.757 | INFO  | cli-chess | main_view._ | Requested application style refresh
06/22/2025 06:19:05.944 | INFO  | cli-chess | main_view._ | Requested application style refresh
06/22/2025 06:19:19.992 | INFO  | cli-chess | main_view._ | Requested application style refresh
06/22/2025 06:19:37.910 | INFO  | cli-chess | main_view._ | Requested application style refresh
06/22/2025 06:20:06.920 | INFO  | cli-chess | main_view._ | Requested application style refresh
06/22/2025 06:20:26.062 | INFO  | cli-chess | main_view._ | Requested application style refresh
06/22/2025 06:21:32.004 | INFO  | cli-chess | main_view._ | Requested application style refresh
06/22/2025 06:21:53.236 | INFO  | cli-chess | main_view._ | Requested application style refresh
06/22/2025 06:22:05.744 | INFO  | cli-chess | main_view._ | Requested application style refresh
06/22/2025 06:23:27.432 | INFO  | cli-chess | main_view._ | Requested application style refresh
06/22/2025 06:23:28.634 | INFO  | cli-chess | main_view._ | Requested application style refresh
06/22/2025 06:23:35.055 | INFO  | cli-chess | main_view._ | Requested application style refresh
06/22/2025 06:23:52.227 | INFO  | cli-chess | main_view._ | Requested application style refresh
06/22/2025 06:24:17.543 | INFO  | cli-chess | main_view._ | Requested application style refresh
06/22/2025 06:24:48.211 | INFO  | cli-chess | main_view._ | Requested application style refresh
06/22/2025 06:25:07.823 | INFO  | cli-chess | main_view._ | Requested application style refresh
06/22/2025 06:25:12.264 | DEBUG | cli-chess | menu_presenter.select_handler | Menu selection: MainMenuOptions.ONLINE_GAMES
06/22/2025 06:25:14.281 | DEBUG | cli-chess | menu_presenter.select_handler | Menu selection: MainMenuOptions.OFFLINE_GAMES
06/22/2025 06:25:54.105 | INFO  | cli-chess | main_view._ | Requested application style refresh
06/22/2025 06:26:08.588 | INFO  | cli-chess | main_view._ | Requested application style refresh
06/22/2025 06:27:43.057 | INFO  | cli-chess | main_view._ | Requested application style refresh
06/22/2025 06:28:00.453 | INFO  | cli-chess | main_view._ | Requested application style refresh
06/22/2025 06:28:00.456 | CRITICAL | cli-chess | main_view._get_combined_styles | Error parsing custom style: Wrong color format 'oo'
06/22/2025 06:28:00.456 | INFO  | cli-chess | main_view._get_combined_styles | Ignoring invalid custom style and using default instead
06/22/2025 06:28:12.581 | INFO  | cli-chess | main_view._ | Requested application style refresh
